<?xml version="1.0" encoding="UTF-8"?>
<testsuite xmlns:xsi="http://www.w3.org/2001/XMLSchema-instance" xsi:noNamespaceSchemaLocation="https://maven.apache.org/surefire/maven-surefire-plugin/xsd/surefire-test-report-3.0.xsd" version="3.0" name="com.javatechie.StreamLambdaHandlerTest" time="4.457" tests="2" errors="0" skipped="0" failures="0">
  <properties>
    <property name="java.specification.version" value="21"/>
    <property name="sun.cpu.isalist" value="amd64"/>
    <property name="sun.jnu.encoding" value="Cp1252"/>
    <property name="java.class.path" value="C:\dev\javaappmod\function\function0715\demo-java-aws-lamda-to-azure\target\test-classes;C:\dev\javaappmod\function\function0715\demo-java-aws-lamda-to-azure\target\classes;C:\Users\yiyli\.m2\repository\com\amazonaws\serverless\aws-serverless-java-container-springboot3\2.0.2\aws-serverless-java-container-springboot3-2.0.2.jar;C:\Users\yiyli\.m2\repository\org\springframework\cloud\spring-cloud-function-serverless-web\4.1.2\spring-cloud-function-serverless-web-4.1.2.jar;C:\Users\yiyli\.m2\repository\com\amazonaws\serverless\aws-serverless-java-container-core\2.0.2\aws-serverless-java-container-core-2.0.2.jar;C:\Users\yiyli\.m2\repository\org\slf4j\slf4j-api\2.0.13\slf4j-api-2.0.13.jar;C:\Users\yiyli\.m2\repository\com\amazonaws\serverless\aws-serverless-java-container-core\2.0.2\aws-serverless-java-container-core-2.0.2-tests.jar;C:\Users\yiyli\.m2\repository\com\amazonaws\aws-lambda-java-core\1.2.3\aws-lambda-java-core-1.2.3.jar;C:\Users\yiyli\.m2\repository\jakarta\servlet\jakarta.servlet-api\6.0.0\jakarta.servlet-api-6.0.0.jar;C:\Users\yiyli\.m2\repository\jakarta\ws\rs\jakarta.ws.rs-api\3.1.0\jakarta.ws.rs-api-3.1.0.jar;C:\Users\yiyli\.m2\repository\com\fasterxml\jackson\core\jackson-databind\2.15.4\jackson-databind-2.15.4.jar;C:\Users\yiyli\.m2\repository\com\fasterxml\jackson\core\jackson-annotations\2.15.4\jackson-annotations-2.15.4.jar;C:\Users\yiyli\.m2\repository\com\fasterxml\jackson\core\jackson-core\2.15.4\jackson-core-2.15.4.jar;C:\Users\yiyli\.m2\repository\com\fasterxml\jackson\module\jackson-module-afterburner\2.15.4\jackson-module-afterburner-2.15.4.jar;C:\Users\yiyli\.m2\repository\org\apache\commons\commons-fileupload2-jakarta-servlet6\2.0.0-M2\commons-fileupload2-jakarta-servlet6-2.0.0-M2.jar;C:\Users\yiyli\.m2\repository\org\apache\commons\commons-fileupload2-core\2.0.0-M2\commons-fileupload2-core-2.0.0-M2.jar;C:\Users\yiyli\.m2\repository\commons-io\commons-io\2.15.1\commons-io-2.15.1.jar;C:\Users\yiyli\.m2\repository\org\apache\httpcomponents\client5\httpclient5\5.2.1\httpclient5-5.2.1.jar;C:\Users\yiyli\.m2\repository\org\apache\httpcomponents\core5\httpcore5\5.2.4\httpcore5-5.2.4.jar;C:\Users\yiyli\.m2\repository\org\apache\httpcomponents\core5\httpcore5-h2\5.2.4\httpcore5-h2-5.2.4.jar;C:\Users\yiyli\.m2\repository\org\projectlombok\lombok\1.18.32\lombok-1.18.32.jar;C:\Users\yiyli\.m2\repository\org\springframework\boot\spring-boot-starter-web\3.2.6\spring-boot-starter-web-3.2.6.jar;C:\Users\yiyli\.m2\repository\org\springframework\boot\spring-boot-starter\3.2.6\spring-boot-starter-3.2.6.jar;C:\Users\yiyli\.m2\repository\org\springframework\boot\spring-boot\3.2.6\spring-boot-3.2.6.jar;C:\Users\yiyli\.m2\repository\org\springframework\boot\spring-boot-autoconfigure\3.2.6\spring-boot-autoconfigure-3.2.6.jar;C:\Users\yiyli\.m2\repository\org\springframework\boot\spring-boot-starter-logging\3.2.6\spring-boot-starter-logging-3.2.6.jar;C:\Users\yiyli\.m2\repository\ch\qos\logback\logback-classic\1.4.14\logback-classic-1.4.14.jar;C:\Users\yiyli\.m2\repository\ch\qos\logback\logback-core\1.4.14\logback-core-1.4.14.jar;C:\Users\yiyli\.m2\repository\org\apache\logging\log4j\log4j-to-slf4j\2.21.1\log4j-to-slf4j-2.21.1.jar;C:\Users\yiyli\.m2\repository\org\apache\logging\log4j\log4j-api\2.21.1\log4j-api-2.21.1.jar;C:\Users\yiyli\.m2\repository\org\slf4j\jul-to-slf4j\2.0.13\jul-to-slf4j-2.0.13.jar;C:\Users\yiyli\.m2\repository\jakarta\annotation\jakarta.annotation-api\2.1.1\jakarta.annotation-api-2.1.1.jar;C:\Users\yiyli\.m2\repository\org\springframework\spring-core\6.1.8\spring-core-6.1.8.jar;C:\Users\yiyli\.m2\repository\org\springframework\spring-jcl\6.1.8\spring-jcl-6.1.8.jar;C:\Users\yiyli\.m2\repository\org\yaml\snakeyaml\2.2\snakeyaml-2.2.jar;C:\Users\yiyli\.m2\repository\org\springframework\boot\spring-boot-starter-json\3.2.6\spring-boot-starter-json-3.2.6.jar;C:\Users\yiyli\.m2\repository\com\fasterxml\jackson\datatype\jackson-datatype-jdk8\2.15.4\jackson-datatype-jdk8-2.15.4.jar;C:\Users\yiyli\.m2\repository\com\fasterxml\jackson\datatype\jackson-datatype-jsr310\2.15.4\jackson-datatype-jsr310-2.15.4.jar;C:\Users\yiyli\.m2\repository\com\fasterxml\jackson\module\jackson-module-parameter-names\2.15.4\jackson-module-parameter-names-2.15.4.jar;C:\Users\yiyli\.m2\repository\org\springframework\spring-web\6.1.8\spring-web-6.1.8.jar;C:\Users\yiyli\.m2\repository\org\springframework\spring-beans\6.1.8\spring-beans-6.1.8.jar;C:\Users\yiyli\.m2\repository\io\micrometer\micrometer-observation\1.12.6\micrometer-observation-1.12.6.jar;C:\Users\yiyli\.m2\repository\io\micrometer\micrometer-commons\1.12.6\micrometer-commons-1.12.6.jar;C:\Users\yiyli\.m2\repository\org\springframework\spring-webmvc\6.1.8\spring-webmvc-6.1.8.jar;C:\Users\yiyli\.m2\repository\org\springframework\spring-aop\6.1.8\spring-aop-6.1.8.jar;C:\Users\yiyli\.m2\repository\org\springframework\spring-context\6.1.8\spring-context-6.1.8.jar;C:\Users\yiyli\.m2\repository\org\springframework\spring-expression\6.1.8\spring-expression-6.1.8.jar;C:\Users\yiyli\.m2\repository\software\amazon\awssdk\s3\2.20.69\s3-2.20.69.jar;C:\Users\yiyli\.m2\repository\software\amazon\awssdk\aws-xml-protocol\2.20.69\aws-xml-protocol-2.20.69.jar;C:\Users\yiyli\.m2\repository\software\amazon\awssdk\aws-query-protocol\2.20.69\aws-query-protocol-2.20.69.jar;C:\Users\yiyli\.m2\repository\software\amazon\awssdk\protocol-core\2.20.69\protocol-core-2.20.69.jar;C:\Users\yiyli\.m2\repository\software\amazon\awssdk\arns\2.20.69\arns-2.20.69.jar;C:\Users\yiyli\.m2\repository\software\amazon\awssdk\profiles\2.20.69\profiles-2.20.69.jar;C:\Users\yiyli\.m2\repository\software\amazon\awssdk\crt-core\2.20.69\crt-core-2.20.69.jar;C:\Users\yiyli\.m2\repository\software\amazon\awssdk\sdk-core\2.20.69\sdk-core-2.20.69.jar;C:\Users\yiyli\.m2\repository\org\reactivestreams\reactive-streams\1.0.4\reactive-streams-1.0.4.jar;C:\Users\yiyli\.m2\repository\software\amazon\awssdk\http-client-spi\2.20.69\http-client-spi-2.20.69.jar;C:\Users\yiyli\.m2\repository\software\amazon\awssdk\regions\2.20.69\regions-2.20.69.jar;C:\Users\yiyli\.m2\repository\software\amazon\awssdk\annotations\2.20.69\annotations-2.20.69.jar;C:\Users\yiyli\.m2\repository\software\amazon\awssdk\utils\2.20.69\utils-2.20.69.jar;C:\Users\yiyli\.m2\repository\software\amazon\awssdk\aws-core\2.20.69\aws-core-2.20.69.jar;C:\Users\yiyli\.m2\repository\software\amazon\awssdk\metrics-spi\2.20.69\metrics-spi-2.20.69.jar;C:\Users\yiyli\.m2\repository\software\amazon\awssdk\json-utils\2.20.69\json-utils-2.20.69.jar;C:\Users\yiyli\.m2\repository\software\amazon\awssdk\third-party-jackson-core\2.20.69\third-party-jackson-core-2.20.69.jar;C:\Users\yiyli\.m2\repository\software\amazon\awssdk\endpoints-spi\2.20.69\endpoints-spi-2.20.69.jar;C:\Users\yiyli\.m2\repository\software\amazon\awssdk\apache-client\2.20.69\apache-client-2.20.69.jar;C:\Users\yiyli\.m2\repository\org\apache\httpcomponents\httpclient\4.5.13\httpclient-4.5.13.jar;C:\Users\yiyli\.m2\repository\commons-logging\commons-logging\1.2\commons-logging-1.2.jar;C:\Users\yiyli\.m2\repository\org\apache\httpcomponents\httpcore\4.4.16\httpcore-4.4.16.jar;C:\Users\yiyli\.m2\repository\commons-codec\commons-codec\1.16.1\commons-codec-1.16.1.jar;C:\Users\yiyli\.m2\repository\software\amazon\awssdk\netty-nio-client\2.20.69\netty-nio-client-2.20.69.jar;C:\Users\yiyli\.m2\repository\io\netty\netty-codec-http\4.1.110.Final\netty-codec-http-4.1.110.Final.jar;C:\Users\yiyli\.m2\repository\io\netty\netty-codec-http2\4.1.110.Final\netty-codec-http2-4.1.110.Final.jar;C:\Users\yiyli\.m2\repository\io\netty\netty-codec\4.1.110.Final\netty-codec-4.1.110.Final.jar;C:\Users\yiyli\.m2\repository\io\netty\netty-transport\4.1.110.Final\netty-transport-4.1.110.Final.jar;C:\Users\yiyli\.m2\repository\io\netty\netty-resolver\4.1.110.Final\netty-resolver-4.1.110.Final.jar;C:\Users\yiyli\.m2\repository\io\netty\netty-common\4.1.110.Final\netty-common-4.1.110.Final.jar;C:\Users\yiyli\.m2\repository\io\netty\netty-buffer\4.1.110.Final\netty-buffer-4.1.110.Final.jar;C:\Users\yiyli\.m2\repository\io\netty\netty-handler\4.1.110.Final\netty-handler-4.1.110.Final.jar;C:\Users\yiyli\.m2\repository\io\netty\netty-transport-native-unix-common\4.1.110.Final\netty-transport-native-unix-common-4.1.110.Final.jar;C:\Users\yiyli\.m2\repository\io\netty\netty-transport-classes-epoll\4.1.110.Final\netty-transport-classes-epoll-4.1.110.Final.jar;C:\Users\yiyli\.m2\repository\software\amazon\awssdk\auth\2.20.69\auth-2.20.69.jar;C:\Users\yiyli\.m2\repository\software\amazon\eventstream\eventstream\1.0.1\eventstream-1.0.1.jar;C:\Users\yiyli\.m2\repository\org\junit\jupiter\junit-jupiter\5.10.2\junit-jupiter-5.10.2.jar;C:\Users\yiyli\.m2\repository\org\junit\jupiter\junit-jupiter-api\5.10.2\junit-jupiter-api-5.10.2.jar;C:\Users\yiyli\.m2\repository\org\opentest4j\opentest4j\1.3.0\opentest4j-1.3.0.jar;C:\Users\yiyli\.m2\repository\org\junit\platform\junit-platform-commons\1.10.2\junit-platform-commons-1.10.2.jar;C:\Users\yiyli\.m2\repository\org\apiguardian\apiguardian-api\1.1.2\apiguardian-api-1.1.2.jar;C:\Users\yiyli\.m2\repository\org\junit\jupiter\junit-jupiter-params\5.10.2\junit-jupiter-params-5.10.2.jar;C:\Users\yiyli\.m2\repository\org\junit\jupiter\junit-jupiter-engine\5.10.2\junit-jupiter-engine-5.10.2.jar;C:\Users\yiyli\.m2\repository\org\junit\platform\junit-platform-engine\1.10.2\junit-platform-engine-1.10.2.jar;"/>
    <property name="java.vm.vendor" value="OpenLogic"/>
    <property name="sun.arch.data.model" value="64"/>
    <property name="user.variant" value=""/>
    <property name="java.vendor.url" value="https://openlogic.com/"/>
    <property name="user.timezone" value="Asia/Shanghai"/>
    <property name="os.name" value="Windows 11"/>
    <property name="java.vm.specification.version" value="21"/>
    <property name="sun.java.launcher" value="SUN_STANDARD"/>
    <property name="user.country" value="US"/>
    <property name="sun.boot.library.path" value="C:\dev\openjdk21\bin"/>
    <property name="sun.java.command" value="C:\Users\yiyli\AppData\Local\Temp\surefire12295548269626174162\surefirebooter-20250715105816534_3.jar C:\Users\yiyli\AppData\Local\Temp\surefire12295548269626174162 2025-07-15T10-58-16_157-jvmRun1 surefire-20250715105816534_1tmp surefire_0-20250715105816534_2tmp"/>
    <property name="jdk.debug" value="release"/>
    <property name="surefire.test.class.path" value="C:\dev\javaappmod\function\function0715\demo-java-aws-lamda-to-azure\target\test-classes;C:\dev\javaappmod\function\function0715\demo-java-aws-lamda-to-azure\target\classes;C:\Users\yiyli\.m2\repository\com\amazonaws\serverless\aws-serverless-java-container-springboot3\2.0.2\aws-serverless-java-container-springboot3-2.0.2.jar;C:\Users\yiyli\.m2\repository\org\springframework\cloud\spring-cloud-function-serverless-web\4.1.2\spring-cloud-function-serverless-web-4.1.2.jar;C:\Users\yiyli\.m2\repository\com\amazonaws\serverless\aws-serverless-java-container-core\2.0.2\aws-serverless-java-container-core-2.0.2.jar;C:\Users\yiyli\.m2\repository\org\slf4j\slf4j-api\2.0.13\slf4j-api-2.0.13.jar;C:\Users\yiyli\.m2\repository\com\amazonaws\serverless\aws-serverless-java-container-core\2.0.2\aws-serverless-java-container-core-2.0.2-tests.jar;C:\Users\yiyli\.m2\repository\com\amazonaws\aws-lambda-java-core\1.2.3\aws-lambda-java-core-1.2.3.jar;C:\Users\yiyli\.m2\repository\jakarta\servlet\jakarta.servlet-api\6.0.0\jakarta.servlet-api-6.0.0.jar;C:\Users\yiyli\.m2\repository\jakarta\ws\rs\jakarta.ws.rs-api\3.1.0\jakarta.ws.rs-api-3.1.0.jar;C:\Users\yiyli\.m2\repository\com\fasterxml\jackson\core\jackson-databind\2.15.4\jackson-databind-2.15.4.jar;C:\Users\yiyli\.m2\repository\com\fasterxml\jackson\core\jackson-annotations\2.15.4\jackson-annotations-2.15.4.jar;C:\Users\yiyli\.m2\repository\com\fasterxml\jackson\core\jackson-core\2.15.4\jackson-core-2.15.4.jar;C:\Users\yiyli\.m2\repository\com\fasterxml\jackson\module\jackson-module-afterburner\2.15.4\jackson-module-afterburner-2.15.4.jar;C:\Users\yiyli\.m2\repository\org\apache\commons\commons-fileupload2-jakarta-servlet6\2.0.0-M2\commons-fileupload2-jakarta-servlet6-2.0.0-M2.jar;C:\Users\yiyli\.m2\repository\org\apache\commons\commons-fileupload2-core\2.0.0-M2\commons-fileupload2-core-2.0.0-M2.jar;C:\Users\yiyli\.m2\repository\commons-io\commons-io\2.15.1\commons-io-2.15.1.jar;C:\Users\yiyli\.m2\repository\org\apache\httpcomponents\client5\httpclient5\5.2.1\httpclient5-5.2.1.jar;C:\Users\yiyli\.m2\repository\org\apache\httpcomponents\core5\httpcore5\5.2.4\httpcore5-5.2.4.jar;C:\Users\yiyli\.m2\repository\org\apache\httpcomponents\core5\httpcore5-h2\5.2.4\httpcore5-h2-5.2.4.jar;C:\Users\yiyli\.m2\repository\org\projectlombok\lombok\1.18.32\lombok-1.18.32.jar;C:\Users\yiyli\.m2\repository\org\springframework\boot\spring-boot-starter-web\3.2.6\spring-boot-starter-web-3.2.6.jar;C:\Users\yiyli\.m2\repository\org\springframework\boot\spring-boot-starter\3.2.6\spring-boot-starter-3.2.6.jar;C:\Users\yiyli\.m2\repository\org\springframework\boot\spring-boot\3.2.6\spring-boot-3.2.6.jar;C:\Users\yiyli\.m2\repository\org\springframework\boot\spring-boot-autoconfigure\3.2.6\spring-boot-autoconfigure-3.2.6.jar;C:\Users\yiyli\.m2\repository\org\springframework\boot\spring-boot-starter-logging\3.2.6\spring-boot-starter-logging-3.2.6.jar;C:\Users\yiyli\.m2\repository\ch\qos\logback\logback-classic\1.4.14\logback-classic-1.4.14.jar;C:\Users\yiyli\.m2\repository\ch\qos\logback\logback-core\1.4.14\logback-core-1.4.14.jar;C:\Users\yiyli\.m2\repository\org\apache\logging\log4j\log4j-to-slf4j\2.21.1\log4j-to-slf4j-2.21.1.jar;C:\Users\yiyli\.m2\repository\org\apache\logging\log4j\log4j-api\2.21.1\log4j-api-2.21.1.jar;C:\Users\yiyli\.m2\repository\org\slf4j\jul-to-slf4j\2.0.13\jul-to-slf4j-2.0.13.jar;C:\Users\yiyli\.m2\repository\jakarta\annotation\jakarta.annotation-api\2.1.1\jakarta.annotation-api-2.1.1.jar;C:\Users\yiyli\.m2\repository\org\springframework\spring-core\6.1.8\spring-core-6.1.8.jar;C:\Users\yiyli\.m2\repository\org\springframework\spring-jcl\6.1.8\spring-jcl-6.1.8.jar;C:\Users\yiyli\.m2\repository\org\yaml\snakeyaml\2.2\snakeyaml-2.2.jar;C:\Users\yiyli\.m2\repository\org\springframework\boot\spring-boot-starter-json\3.2.6\spring-boot-starter-json-3.2.6.jar;C:\Users\yiyli\.m2\repository\com\fasterxml\jackson\datatype\jackson-datatype-jdk8\2.15.4\jackson-datatype-jdk8-2.15.4.jar;C:\Users\yiyli\.m2\repository\com\fasterxml\jackson\datatype\jackson-datatype-jsr310\2.15.4\jackson-datatype-jsr310-2.15.4.jar;C:\Users\yiyli\.m2\repository\com\fasterxml\jackson\module\jackson-module-parameter-names\2.15.4\jackson-module-parameter-names-2.15.4.jar;C:\Users\yiyli\.m2\repository\org\springframework\spring-web\6.1.8\spring-web-6.1.8.jar;C:\Users\yiyli\.m2\repository\org\springframework\spring-beans\6.1.8\spring-beans-6.1.8.jar;C:\Users\yiyli\.m2\repository\io\micrometer\micrometer-observation\1.12.6\micrometer-observation-1.12.6.jar;C:\Users\yiyli\.m2\repository\io\micrometer\micrometer-commons\1.12.6\micrometer-commons-1.12.6.jar;C:\Users\yiyli\.m2\repository\org\springframework\spring-webmvc\6.1.8\spring-webmvc-6.1.8.jar;C:\Users\yiyli\.m2\repository\org\springframework\spring-aop\6.1.8\spring-aop-6.1.8.jar;C:\Users\yiyli\.m2\repository\org\springframework\spring-context\6.1.8\spring-context-6.1.8.jar;C:\Users\yiyli\.m2\repository\org\springframework\spring-expression\6.1.8\spring-expression-6.1.8.jar;C:\Users\yiyli\.m2\repository\software\amazon\awssdk\s3\2.20.69\s3-2.20.69.jar;C:\Users\yiyli\.m2\repository\software\amazon\awssdk\aws-xml-protocol\2.20.69\aws-xml-protocol-2.20.69.jar;C:\Users\yiyli\.m2\repository\software\amazon\awssdk\aws-query-protocol\2.20.69\aws-query-protocol-2.20.69.jar;C:\Users\yiyli\.m2\repository\software\amazon\awssdk\protocol-core\2.20.69\protocol-core-2.20.69.jar;C:\Users\yiyli\.m2\repository\software\amazon\awssdk\arns\2.20.69\arns-2.20.69.jar;C:\Users\yiyli\.m2\repository\software\amazon\awssdk\profiles\2.20.69\profiles-2.20.69.jar;C:\Users\yiyli\.m2\repository\software\amazon\awssdk\crt-core\2.20.69\crt-core-2.20.69.jar;C:\Users\yiyli\.m2\repository\software\amazon\awssdk\sdk-core\2.20.69\sdk-core-2.20.69.jar;C:\Users\yiyli\.m2\repository\org\reactivestreams\reactive-streams\1.0.4\reactive-streams-1.0.4.jar;C:\Users\yiyli\.m2\repository\software\amazon\awssdk\http-client-spi\2.20.69\http-client-spi-2.20.69.jar;C:\Users\yiyli\.m2\repository\software\amazon\awssdk\regions\2.20.69\regions-2.20.69.jar;C:\Users\yiyli\.m2\repository\software\amazon\awssdk\annotations\2.20.69\annotations-2.20.69.jar;C:\Users\yiyli\.m2\repository\software\amazon\awssdk\utils\2.20.69\utils-2.20.69.jar;C:\Users\yiyli\.m2\repository\software\amazon\awssdk\aws-core\2.20.69\aws-core-2.20.69.jar;C:\Users\yiyli\.m2\repository\software\amazon\awssdk\metrics-spi\2.20.69\metrics-spi-2.20.69.jar;C:\Users\yiyli\.m2\repository\software\amazon\awssdk\json-utils\2.20.69\json-utils-2.20.69.jar;C:\Users\yiyli\.m2\repository\software\amazon\awssdk\third-party-jackson-core\2.20.69\third-party-jackson-core-2.20.69.jar;C:\Users\yiyli\.m2\repository\software\amazon\awssdk\endpoints-spi\2.20.69\endpoints-spi-2.20.69.jar;C:\Users\yiyli\.m2\repository\software\amazon\awssdk\apache-client\2.20.69\apache-client-2.20.69.jar;C:\Users\yiyli\.m2\repository\org\apache\httpcomponents\httpclient\4.5.13\httpclient-4.5.13.jar;C:\Users\yiyli\.m2\repository\commons-logging\commons-logging\1.2\commons-logging-1.2.jar;C:\Users\yiyli\.m2\repository\org\apache\httpcomponents\httpcore\4.4.16\httpcore-4.4.16.jar;C:\Users\yiyli\.m2\repository\commons-codec\commons-codec\1.16.1\commons-codec-1.16.1.jar;C:\Users\yiyli\.m2\repository\software\amazon\awssdk\netty-nio-client\2.20.69\netty-nio-client-2.20.69.jar;C:\Users\yiyli\.m2\repository\io\netty\netty-codec-http\4.1.110.Final\netty-codec-http-4.1.110.Final.jar;C:\Users\yiyli\.m2\repository\io\netty\netty-codec-http2\4.1.110.Final\netty-codec-http2-4.1.110.Final.jar;C:\Users\yiyli\.m2\repository\io\netty\netty-codec\4.1.110.Final\netty-codec-4.1.110.Final.jar;C:\Users\yiyli\.m2\repository\io\netty\netty-transport\4.1.110.Final\netty-transport-4.1.110.Final.jar;C:\Users\yiyli\.m2\repository\io\netty\netty-resolver\4.1.110.Final\netty-resolver-4.1.110.Final.jar;C:\Users\yiyli\.m2\repository\io\netty\netty-common\4.1.110.Final\netty-common-4.1.110.Final.jar;C:\Users\yiyli\.m2\repository\io\netty\netty-buffer\4.1.110.Final\netty-buffer-4.1.110.Final.jar;C:\Users\yiyli\.m2\repository\io\netty\netty-handler\4.1.110.Final\netty-handler-4.1.110.Final.jar;C:\Users\yiyli\.m2\repository\io\netty\netty-transport-native-unix-common\4.1.110.Final\netty-transport-native-unix-common-4.1.110.Final.jar;C:\Users\yiyli\.m2\repository\io\netty\netty-transport-classes-epoll\4.1.110.Final\netty-transport-classes-epoll-4.1.110.Final.jar;C:\Users\yiyli\.m2\repository\software\amazon\awssdk\auth\2.20.69\auth-2.20.69.jar;C:\Users\yiyli\.m2\repository\software\amazon\eventstream\eventstream\1.0.1\eventstream-1.0.1.jar;C:\Users\yiyli\.m2\repository\org\junit\jupiter\junit-jupiter\5.10.2\junit-jupiter-5.10.2.jar;C:\Users\yiyli\.m2\repository\org\junit\jupiter\junit-jupiter-api\5.10.2\junit-jupiter-api-5.10.2.jar;C:\Users\yiyli\.m2\repository\org\opentest4j\opentest4j\1.3.0\opentest4j-1.3.0.jar;C:\Users\yiyli\.m2\repository\org\junit\platform\junit-platform-commons\1.10.2\junit-platform-commons-1.10.2.jar;C:\Users\yiyli\.m2\repository\org\apiguardian\apiguardian-api\1.1.2\apiguardian-api-1.1.2.jar;C:\Users\yiyli\.m2\repository\org\junit\jupiter\junit-jupiter-params\5.10.2\junit-jupiter-params-5.10.2.jar;C:\Users\yiyli\.m2\repository\org\junit\jupiter\junit-jupiter-engine\5.10.2\junit-jupiter-engine-5.10.2.jar;C:\Users\yiyli\.m2\repository\org\junit\platform\junit-platform-engine\1.10.2\junit-platform-engine-1.10.2.jar;"/>
    <property name="sun.cpu.endian" value="little"/>
    <property name="user.home" value="C:\Users\yiyli"/>
    <property name="user.language" value="en"/>
    <property name="java.specification.vendor" value="Oracle Corporation"/>
    <property name="java.version.date" value="2025-04-15"/>
    <property name="java.home" value="C:\dev\openjdk21"/>
    <property name="file.separator" value="\"/>
    <property name="basedir" value="C:\dev\javaappmod\function\function0715\demo-java-aws-lamda-to-azure"/>
    <property name="java.vm.compressedOopsMode" value="Zero based"/>
    <property name="line.separator" value="&#10;"/>
    <property name="java.vm.specification.vendor" value="Oracle Corporation"/>
    <property name="java.specification.name" value="Java Platform API Specification"/>
    <property name="FILE_LOG_CHARSET" value="UTF-8"/>
    <property name="java.awt.headless" value="true"/>
    <property name="surefire.real.class.path" value="C:\Users\yiyli\AppData\Local\Temp\surefire12295548269626174162\surefirebooter-20250715105816534_3.jar"/>
    <property name="user.script" value=""/>
    <property name="sun.management.compiler" value="HotSpot 64-Bit Tiered Compilers"/>
    <property name="java.runtime.version" value="21.0.7+6-adhoc.Administrator.jdk21u"/>
    <property name="user.name" value="yiyli"/>
    <property name="stdout.encoding" value="Cp1252"/>
    <property name="path.separator" value=";"/>
    <property name="os.version" value="10.0"/>
    <property name="java.runtime.name" value="OpenJDK Runtime Environment"/>
    <property name="file.encoding" value="UTF-8"/>
    <property name="java.vm.name" value="OpenJDK 64-Bit Server VM"/>
    <property name="java.vendor.version" value="OpenLogic-OpenJDK"/>
    <property name="localRepository" value="C:\Users\yiyli\.m2\repository"/>
    <property name="java.vendor.url.bug" value="https://techsupport.roguewave.com/"/>
    <property name="java.io.tmpdir" value="C:\Users\yiyli\AppData\Local\Temp\"/>
    <property name="java.version" value="21.0.7"/>
    <property name="user.dir" value="C:\dev\javaappmod\function\function0715\demo-java-aws-lamda-to-azure"/>
    <property name="os.arch" value="amd64"/>
    <property name="java.vm.specification.name" value="Java Virtual Machine Specification"/>
    <property name="PID" value="17124"/>
    <property name="sun.os.patch.level" value=""/>
    <property name="CONSOLE_LOG_CHARSET" value="UTF-8"/>
    <property name="native.encoding" value="Cp1252"/>
    <property name="java.library.path" value="C:\dev\openjdk21\bin;C:\Windows\Sun\Java\bin;C:\Windows\system32;C:\Windows;C:\Program Files\PowerShell\7;C:\Windows\system32;C:\Windows;C:\Windows\System32\Wbem;C:\Windows\System32\WindowsPowerShell\v1.0\;C:\Windows\System32\OpenSSH\;C:\Program Files\PowerShell\7\;C:\Program Files\Microsoft VS Code\bin;C:\Program Files\Microsoft SQL Server\Client SDK\ODBC\170\Tools\Binn\;C:\Program Files\Microsoft SQL Server\150\Tools\Binn\;C:\Program Files\dotnet\;C:\Program Files (x86)\Incredibuild;C:\Program Files (x86)\Windows Kits\10\Windows Performance Toolkit\;C:\.tools\dotnet;C:\.tools\.npm-global;C:\Users\vmadmin\AppData\Local\Microsoft\WindowsApps;C:\Users\vmadmin\.dotnet\tools;C:\Program Files\NuGet;C:\Windows\system32\config\systemprofile\AppData\Local\Microsoft\WindowsApps;C:\Program Files\Microsoft Dev Box Agent\Scripts;C:\Program Files\nodejs\;C:\Program Files\Git\cmd;C:\dev\openjdk21\bin;C:\Users\yiyli\AppData\Local\Programs\Microsoft VS Code\bin;C:\dev\apache-maven-3.9.10\bin;C:\Users\yiyli\AppData\Roaming\npm;c:\Users\yiyli\AppData\Roaming\Code\User\globalStorage\github.copilot-chat\debugCommand;."/>
    <property name="java.vm.info" value="mixed mode, sharing"/>
    <property name="stderr.encoding" value="Cp1252"/>
    <property name="java.vendor" value="OpenLogic"/>
    <property name="java.vm.version" value="21.0.7+6-adhoc.Administrator.jdk21u"/>
    <property name="sun.io.unicode.encoding" value="UnicodeLittle"/>
    <property name="java.class.version" value="65.0"/>
  </properties>
  <testcase name="ping_streamRequest_respondsWithHello" classname="com.javatechie.StreamLambdaHandlerTest" time="0.255">
    <system-out><![CDATA[10:58:18.092 [main] INFO com.amazonaws.serverless.proxy.internal.LambdaContainerHandler -- Starting Lambda Container Handler

  .   ____          _            __ _ _
 /\\ / ___'_ __ _ _(_)_ __  __ _ \ \ \ \
( ( )\___ | '_ | '_| | '_ \/ _` | \ \ \ \
 \\/  ___)| |_)| | | | | || (_| |  ) ) ) )
  '  |____| .__|_| |_|_| |_\__, | / / / /
 =========|_|==============|___/=/_/_/_/
 :: Spring Boot ::                (v3.2.6)

]]></system-out>
  </testcase>
  <testcase name="invalidResource_streamRequest_responds404" classname="com.javatechie.StreamLambdaHandlerTest" time="0.014">
    <system-out><![CDATA[2025-07-15T10:58:22.180+08:00  WARN 17124 --- [           main] o.s.web.servlet.PageNotFound             : No mapping for GET /pong
2025-07-15T10:58:22.186+08:00  WARN 17124 --- [           main] o.s.web.servlet.PageNotFound             : No endpoint GET /pong.
]]></system-out>
  </testcase>
</testsuite>